# JRE version: Java(TM) SE Runtime Environment (8.0_144-b01) (build 1.8.0_144-b01)
# Java VM: Java HotSpot(TM) 64-Bit Server VM (25.144-b01 mixed mode windows-amd64 compressed oops)
Heap:
 PSYoungGen      total 17920K, used 15360K [0x00000000fec00000, 0x0000000100000000, 0x0000000100000000)
  eden space 15360K, 100% used [0x00000000fec00000,0x00000000ffb00000,0x00000000ffb00000)
  from space 2560K, 0% used [0x00000000ffb00000,0x00000000ffb00000,0x00000000ffd80000)
  to   space 2560K, 0% used [0x00000000ffd80000,0x00000000ffd80000,0x0000000100000000)
 ParOldGen       total 40960K, used 40703K [0x00000000fc400000, 0x00000000fec00000, 0x00000000fec00000)
  object space 40960K, 99% used [0x00000000fc400000,0x00000000febbfda8,0x00000000fec00000)
 Metaspace       used 4817K, capacity 4922K, committed 4992K, reserved 1056768K
  class space    used 529K, capacity 591K, committed 640K, reserved 1048576K
GC Heap History (10 events):
Event: 9.979 GC heap before
{Heap before GC invocations=40 (full 37):
 PSYoungGen      total 17920K, used 15360K [0x00000000fec00000, 0x0000000100000000, 0x0000000100000000)
  eden space 15360K, 100% used [0x00000000fec00000,0x00000000ffb00000,0x00000000ffb00000)
  from space 2560K, 0% used [0x00000000ffb00000,0x00000000ffb00000,0x00000000ffd80000)
  to   space 2560K, 0% used [0x00000000ffd80000,0x00000000ffd80000,0x0000000100000000)
 ParOldGen       total 40960K, used 40700K [0x00000000fc400000, 0x00000000fec00000, 0x00000000fec00000)
  object space 40960K, 99% used [0x00000000fc400000,0x00000000febbf118,0x00000000fec00000)
 Metaspace       used 4803K, capacity 4922K, committed 4992K, reserved 1056768K
  class space    used 526K, capacity 591K, committed 640K, reserved 1048576K
Event: 10.192 GC heap after
Heap after GC invocations=40 (full 37):
 PSYoungGen      total 17920K, used 15360K [0x00000000fec00000, 0x0000000100000000, 0x0000000100000000)
  eden space 15360K, 100% used [0x00000000fec00000,0x00000000ffb00000,0x00000000ffb00000)
  from space 2560K, 0% used [0x00000000ffb00000,0x00000000ffb00000,0x00000000ffd80000)
  to   space 2560K, 0% used [0x00000000ffd80000,0x00000000ffd80000,0x0000000100000000)
 ParOldGen       total 40960K, used 40699K [0x00000000fc400000, 0x00000000fec00000, 0x00000000fec00000)
  object space 40960K, 99% used [0x00000000fc400000,0x00000000febbedf0,0x00000000fec00000)
 Metaspace       used 4803K, capacity 4922K, committed 4992K, reserved 1056768K
  class space    used 526K, capacity 591K, committed 640K, reserved 1048576K
}
Event: 10.192 GC heap before
{Heap before GC invocations=41 (full 38):
 PSYoungGen      total 17920K, used 15360K [0x00000000fec00000, 0x0000000100000000, 0x0000000100000000)
  eden space 15360K, 100% used [0x00000000fec00000,0x00000000ffb00000,0x00000000ffb00000)
  from space 2560K, 0% used [0x00000000ffb00000,0x00000000ffb00000,0x00000000ffd80000)
  to   space 2560K, 0% used [0x00000000ffd80000,0x00000000ffd80000,0x0000000100000000)
 ParOldGen       total 40960K, used 40701K [0x00000000fc400000, 0x00000000fec00000, 0x00000000fec00000)
  object space 40960K, 99% used [0x00000000fc400000,0x00000000febbf4f8,0x00000000fec00000)
 Metaspace       used 4803K, capacity 4922K, committed 4992K, reserved 1056768K
  class space    used 527K, capacity 591K, committed 640K, reserved 1048576K
Event: 10.407 GC heap after
Heap after GC invocations=41 (full 38):
 PSYoungGen      total 17920K, used 15360K [0x00000000fec00000, 0x0000000100000000, 0x0000000100000000)
  eden space 15360K, 100% used [0x00000000fec00000,0x00000000ffb00000,0x00000000ffb00000)
  from space 2560K, 0% used [0x00000000ffb00000,0x00000000ffb00000,0x00000000ffd80000)
  to   space 2560K, 0% used [0x00000000ffd80000,0x00000000ffd80000,0x0000000100000000)
 ParOldGen       total 40960K, used 40701K [0x00000000fc400000, 0x00000000fec00000, 0x00000000fec00000)
  object space 40960K, 99% used [0x00000000fc400000,0x00000000febbf4c8,0x00000000fec00000)
 Metaspace       used 4803K, capacity 4922K, committed 4992K, reserved 1056768K
  class space    used 527K, capacity 591K, committed 640K, reserved 1048576K
}
Event: 10.407 GC heap before
{Heap before GC invocations=42 (full 39):
 PSYoungGen      total 17920K, used 15360K [0x00000000fec00000, 0x0000000100000000, 0x0000000100000000)
  eden space 15360K, 100% used [0x00000000fec00000,0x00000000ffb00000,0x00000000ffb00000)
  from space 2560K, 0% used [0x00000000ffb00000,0x00000000ffb00000,0x00000000ffd80000)
  to   space 2560K, 0% used [0x00000000ffd80000,0x00000000ffd80000,0x0000000100000000)
 ParOldGen       total 40960K, used 40702K [0x00000000fc400000, 0x00000000fec00000, 0x00000000fec00000)
  object space 40960K, 99% used [0x00000000fc400000,0x00000000febbfbb0,0x00000000fec00000)
 Metaspace       used 4803K, capacity 4922K, committed 4992K, reserved 1056768K
  class space    used 527K, capacity 591K, committed 640K, reserved 1048576K
Event: 10.645 GC heap after
Heap after GC invocations=42 (full 39):
 PSYoungGen      total 17920K, used 15360K [0x00000000fec00000, 0x0000000100000000, 0x0000000100000000)
  eden space 15360K, 100% used [0x00000000fec00000,0x00000000ffb00000,0x00000000ffb00000)
  from space 2560K, 0% used [0x00000000ffb00000,0x00000000ffb00000,0x00000000ffd80000)
  to   space 2560K, 0% used [0x00000000ffd80000,0x00000000ffd80000,0x0000000100000000)
 ParOldGen       total 40960K, used 40702K [0x00000000fc400000, 0x00000000fec00000, 0x00000000fec00000)
  object space 40960K, 99% used [0x00000000fc400000,0x00000000febbfb60,0x00000000fec00000)
 Metaspace       used 4803K, capacity 4922K, committed 4992K, reserved 1056768K
  class space    used 527K, capacity 591K, committed 640K, reserved 1048576K
}
Event: 10.645 GC heap before
{Heap before GC invocations=43 (full 40):
 PSYoungGen      total 17920K, used 15360K [0x00000000fec00000, 0x0000000100000000, 0x0000000100000000)
  eden space 15360K, 100% used [0x00000000fec00000,0x00000000ffb00000,0x00000000ffb00000)
  from space 2560K, 0% used [0x00000000ffb00000,0x00000000ffb00000,0x00000000ffd80000)
  to   space 2560K, 0% used [0x00000000ffd80000,0x00000000ffd80000,0x0000000100000000)
 ParOldGen       total 40960K, used 40704K [0x00000000fc400000, 0x00000000fec00000, 0x00000000fec00000)
  object space 40960K, 99% used [0x00000000fc400000,0x00000000febc0220,0x00000000fec00000)
 Metaspace       used 4803K, capacity 4922K, committed 4992K, reserved 1056768K
  class space    used 527K, capacity 591K, committed 640K, reserved 1048576K
Event: 10.862 GC heap after
Heap after GC invocations=43 (full 40):
 PSYoungGen      total 17920K, used 15360K [0x00000000fec00000, 0x0000000100000000, 0x0000000100000000)
  eden space 15360K, 100% used [0x00000000fec00000,0x00000000ffb00000,0x00000000ffb00000)
  from space 2560K, 0% used [0x00000000ffb00000,0x00000000ffb00000,0x00000000ffd80000)
  to   space 2560K, 0% used [0x00000000ffd80000,0x00000000ffd80000,0x0000000100000000)
 ParOldGen       total 40960K, used 40704K [0x00000000fc400000, 0x00000000fec00000, 0x00000000fec00000)
  object space 40960K, 99% used [0x00000000fc400000,0x00000000febc01f0,0x00000000fec00000)
 Metaspace       used 4803K, capacity 4922K, committed 4992K, reserved 1056768K
  class space    used 527K, capacity 591K, committed 640K, reserved 1048576K
}
Event: 10.869 GC heap before
{Heap before GC invocations=44 (full 41):
 PSYoungGen      total 17920K, used 15360K [0x00000000fec00000, 0x0000000100000000, 0x0000000100000000)
  eden space 15360K, 100% used [0x00000000fec00000,0x00000000ffb00000,0x00000000ffb00000)
  from space 2560K, 0% used [0x00000000ffb00000,0x00000000ffb00000,0x00000000ffd80000)
  to   space 2560K, 0% used [0x00000000ffd80000,0x00000000ffd80000,0x0000000100000000)
 ParOldGen       total 40960K, used 40718K [0x00000000fc400000, 0x00000000fec00000, 0x00000000fec00000)
  object space 40960K, 99% used [0x00000000fc400000,0x00000000febc3858,0x00000000fec00000)
 Metaspace       used 4817K, capacity 4922K, committed 4992K, reserved 1056768K
  class space    used 529K, capacity 591K, committed 640K, reserved 1048576K
Event: 11.087 GC heap after
Heap after GC invocations=44 (full 41):
 PSYoungGen      total 17920K, used 15360K [0x00000000fec00000, 0x0000000100000000, 0x0000000100000000)
  eden space 15360K, 100% used [0x00000000fec00000,0x00000000ffb00000,0x00000000ffb00000)
  from space 2560K, 0% used [0x00000000ffb00000,0x00000000ffb00000,0x00000000ffd80000)
  to   space 2560K, 0% used [0x00000000ffd80000,0x00000000ffd80000,0x0000000100000000)
 ParOldGen       total 40960K, used 40703K [0x00000000fc400000, 0x00000000fec00000, 0x00000000fec00000)
  object space 40960K, 99% used [0x00000000fc400000,0x00000000febbfd78,0x00000000fec00000)
 Metaspace       used 4817K, capacity 4922K, committed 4992K, reserved 1056768K
  class space    used 529K, capacity 591K, committed 640K, reserved 1048576K
}

